* using log directory ‘/Users/fredcommo/Documents/MyProjects/FredScripts/GeneRequest/geneRequest_pkg/geneRequest.Rcheck’
* using R version 3.1.1 (2014-07-10)
* using platform: x86_64-apple-darwin13.1.0 (64-bit)
* using session charset: UTF-8
* checking for file ‘geneRequest/DESCRIPTION’ ... OK
* checking extension type ... Package
* this is package ‘geneRequest’ version ‘1.0’
* checking package namespace information ... OK
* checking package dependencies ... OK
* checking if this is a source package ... OK
* checking if there is a namespace ... OK
* checking for executable files ... OK
* checking for hidden files and directories ... OK
* checking for portable file names ... OK
* checking for sufficient/correct file permissions ... OK
* checking whether package ‘geneRequest’ can be installed ... OK
* checking installed package size ... OK
* checking package directory ... OK
* checking DESCRIPTION meta-information ... OK
* checking top-level files ... OK
* checking for left-over files ... OK
* checking index information ... OK
* checking package subdirectories ... OK
* checking R files for non-ASCII characters ... OK
* checking R files for syntax errors ... OK
* checking whether the package can be loaded ... OK
* checking whether the package can be loaded with stated dependencies ... OK
* checking whether the package can be unloaded cleanly ... OK
* checking whether the namespace can be loaded with stated dependencies ... OK
* checking whether the namespace can be unloaded cleanly ... OK
* checking dependencies in R code ... OK
* checking S3 generic/method consistency ... OK
* checking replacement functions ... OK
* checking foreign function calls ... OK
* checking R code for possible problems ... OK
* checking Rd files ... NOTE
prepare_Rd: hg19.Rd:10-11: Dropping empty section \usage
prepare_Rd: hg19.Rd:16-18: Dropping empty section \details
prepare_Rd: hg19.Rd:22-24: Dropping empty section \references
* checking Rd metadata ... OK
* checking Rd cross-references ... OK
* checking for missing documentation entries ... OK
* checking for code/documentation mismatches ... OK
* checking Rd \usage sections ... OK
* checking Rd contents ... OK
* checking for unstated dependencies in examples ... OK
* checking examples ... OK
* checking PDF version of manual ... OK
NOTE: There was 1 note.
